<?xml version="1.0" encoding="UTF-8"?>
<!-- Generated by org.testng.reporters.JUnitXMLReporter -->
<testsuite ignored="4" hostname="DESKTOP-R3IULL6" failures="0" tests="2" name="All" time="0.08" errors="0" timestamp="07 Nov 2020 19:06:45 GMT">
  <testcase classname="TestNGFramework.Framework.testing.AppTest" name="test" time="0.003"/>
  <testcase classname="TestNGFramework.Framework.testing.AppTest" name="test" time="0.0"/>
  <testcase classname="TestNGFramework.Framework.testing.Base" name="@AfterSuite afterSuite" time="0.0">
    <ignored/>
  </testcase> <!-- @AfterSuite afterSuite -->
  <testcase classname="TestNGFramework.Framework.testing.Base" name="@BeforeSuite beforeSuite" time="0.0">
    <ignored/>
  </testcase> <!-- @BeforeSuite beforeSuite -->
  <testcase classname="TestNGFramework.Framework.testing.Base" name="@AfterTest afterTest" time="0.0">
    <ignored/>
  </testcase> <!-- @AfterTest afterTest -->
  <testcase classname="TestNGFramework.Framework.testing.Base" name="@BeforeTest beforeTest" time="0.0">
    <ignored/>
  </testcase> <!-- @BeforeTest beforeTest -->
</testsuite> <!-- All -->
