<?xml version="1.0" encoding="UTF-8"?>
<testng-results ignored="0" total="1" passed="1" failed="0" skipped="0">
  <reporter-output>
  </reporter-output>
  <suite started-at="2020-11-07T22:41:48 CAT" name="Default suite" finished-at="2020-11-07T22:41:48 CAT" duration-ms="65">
    <groups>
    </groups>
    <test started-at="2020-11-07T22:41:48 CAT" name="Default test" finished-at="2020-11-07T22:41:48 CAT" duration-ms="65">
      <class name="TestNGFramework.Framework.testing.AppTest">
        <test-method is-config="true" signature="beforeSuite()[pri:0, instance:TestNGFramework.Framework.testing.AppTest@1f97cf0d]" started-at="2020-11-07T22:41:47 CAT" name="beforeSuite" finished-at="2020-11-07T22:41:48 CAT" duration-ms="684" status="PASS">
          <reporter-output>
          </reporter-output>
        </test-method> <!-- beforeSuite -->
        <test-method is-config="true" signature="beforeTest()[pri:0, instance:TestNGFramework.Framework.testing.AppTest@1f97cf0d]" started-at="2020-11-07T22:41:48 CAT" name="beforeTest" finished-at="2020-11-07T22:41:48 CAT" duration-ms="0" status="PASS">
          <reporter-output>
          </reporter-output>
        </test-method> <!-- beforeTest -->
        <test-method is-config="true" signature="beforeClass()[pri:0, instance:TestNGFramework.Framework.testing.AppTest@1f97cf0d]" started-at="2020-11-07T22:41:48 CAT" name="beforeClass" finished-at="2020-11-07T22:41:48 CAT" duration-ms="0" status="PASS">
          <reporter-output>
          </reporter-output>
        </test-method> <!-- beforeClass -->
        <test-method is-config="true" signature="beforeMethod(java.lang.reflect.Method)[pri:0, instance:TestNGFramework.Framework.testing.AppTest@1f97cf0d]" started-at="2020-11-07T22:41:48 CAT" name="beforeMethod" finished-at="2020-11-07T22:41:48 CAT" duration-ms="11" status="PASS">
          <params>
            <param index="0">
              <value>
                <![CDATA[public void TestNGFramework.Framework.testing.AppTest.test(java.util.Hashtable)]]>
              </value>
            </param>
          </params>
          <reporter-output>
          </reporter-output>
        </test-method> <!-- beforeMethod -->
        <test-method signature="test(java.util.Hashtable)[pri:0, instance:TestNGFramework.Framework.testing.AppTest@1f97cf0d]" started-at="2020-11-07T22:41:48 CAT" name="test" data-provider="dp" finished-at="2020-11-07T22:41:48 CAT" duration-ms="7" status="PASS">
          <params>
            <param index="0">
              <value>
                <![CDATA[{Home=Liverpool}]]>
              </value>
            </param>
          </params>
          <reporter-output>
          </reporter-output>
        </test-method> <!-- test -->
        <test-method is-config="true" signature="afterMethod()[pri:0, instance:TestNGFramework.Framework.testing.AppTest@1f97cf0d]" started-at="2020-11-07T22:41:48 CAT" name="afterMethod" finished-at="2020-11-07T22:41:48 CAT" duration-ms="0" status="PASS">
          <reporter-output>
          </reporter-output>
        </test-method> <!-- afterMethod -->
        <test-method is-config="true" signature="afterClass()[pri:0, instance:TestNGFramework.Framework.testing.AppTest@1f97cf0d]" started-at="2020-11-07T22:41:48 CAT" name="afterClass" finished-at="2020-11-07T22:41:48 CAT" duration-ms="1" status="PASS">
          <reporter-output>
          </reporter-output>
        </test-method> <!-- afterClass -->
        <test-method is-config="true" signature="afterTest()[pri:0, instance:TestNGFramework.Framework.testing.AppTest@1f97cf0d]" started-at="2020-11-07T22:41:48 CAT" name="afterTest" finished-at="2020-11-07T22:41:48 CAT" duration-ms="0" status="PASS">
          <reporter-output>
          </reporter-output>
        </test-method> <!-- afterTest -->
        <test-method is-config="true" signature="afterSuite()[pri:0, instance:TestNGFramework.Framework.testing.AppTest@1f97cf0d]" started-at="2020-11-07T22:41:48 CAT" name="afterSuite" finished-at="2020-11-07T22:41:49 CAT" duration-ms="314" status="PASS">
          <reporter-output>
          </reporter-output>
        </test-method> <!-- afterSuite -->
      </class> <!-- TestNGFramework.Framework.testing.AppTest -->
    </test> <!-- Default test -->
  </suite> <!-- Default suite -->
</testng-results>
